Build started 21-10-2015 19:02:57.
     1>Project "E:\Mission R & D\microsoft c++\27sept2k15\baseMinus2Numbers\baseMinus2Numbers\baseMinus2Numbers.vcxproj" on node 2 (build target(s)).
     1>InitializeBuildStatus:
         Creating "Debug\baseMinus2Numbers.unsuccessfulbuild" because "AlwaysCreate" was specified.
       ClCompile:
         All outputs are up-to-date.
         C:\Program Files (x86)\Microsoft Visual Studio 10.0\VC\bin\CL.exe /c /ZI /nologo /W3 /WX- /Od /Oy- /D WIN32 /D _DEBUG /D _CONSOLE /D _UNICODE /D UNICODE /Gm /EHsc /RTC1 /MDd /GS /fp:precise /Zc:wchar_t /Zc:forScope /Yu"StdAfx.h" /Fp"Debug\baseMinus2Numbers.pch" /Fo"Debug\\" /Fd"Debug\vc100.pdb" /Gd /TP /analyze- /errorReport:prompt baseMinus2Numbers.cpp
         baseMinus2Numbers.cpp
     1>e:\mission r & d\microsoft c++\27sept2k15\baseminus2numbers\baseminus2numbers\baseminus2numbers.cpp(45): warning C4996: 'scanf': This function or variable may be unsafe. Consider using scanf_s instead. To disable deprecation, use _CRT_SECURE_NO_WARNINGS. See online help for details.
                 c:\program files (x86)\microsoft visual studio 10.0\vc\include\stdio.h(304) : see declaration of 'scanf'
     1>e:\mission r & d\microsoft c++\27sept2k15\baseminus2numbers\baseminus2numbers\baseminus2numbers.cpp(49): warning C4996: 'getch': The POSIX name for this item is deprecated. Instead, use the ISO C++ conformant name: _getch. See online help for details.
                 c:\program files (x86)\microsoft visual studio 10.0\vc\include\conio.h(128) : see declaration of 'getch'
       ManifestResourceCompile:
         All outputs are up-to-date.
       Link:
         C:\Program Files (x86)\Microsoft Visual Studio 10.0\VC\bin\link.exe /ERRORREPORT:PROMPT /OUT:"E:\Mission R & D\microsoft c++\27sept2k15\baseMinus2Numbers\Debug\baseMinus2Numbers.exe" /INCREMENTAL /NOLOGO kernel32.lib user32.lib gdi32.lib winspool.lib comdlg32.lib advapi32.lib shell32.lib ole32.lib oleaut32.lib uuid.lib odbc32.lib odbccp32.lib /MANIFEST /ManifestFile:"Debug\baseMinus2Numbers.exe.intermediate.manifest" /MANIFESTUAC:"level='asInvoker' uiAccess='false'" /DEBUG /PDB:"E:\Mission R & D\microsoft c++\27sept2k15\baseMinus2Numbers\Debug\baseMinus2Numbers.pdb" /SUBSYSTEM:CONSOLE /TLBID:1 /DYNAMICBASE /NXCOMPAT /IMPLIB:"E:\Mission R & D\microsoft c++\27sept2k15\baseMinus2Numbers\Debug\baseMinus2Numbers.lib" /MACHINE:X86 Debug\baseMinus2Numbers.exe.embed.manifest.res
         Debug\baseMinus2Numbers.obj
         Debug\stdafx.obj
       Manifest:
         C:\Program Files (x86)\Microsoft SDKs\Windows\v7.0A\bin\mt.exe /nologo /verbose /out:"Debug\baseMinus2Numbers.exe.embed.manifest" /manifest Debug\baseMinus2Numbers.exe.intermediate.manifest
         All outputs are up-to-date.
       LinkEmbedManifest:
         All outputs are up-to-date.
         baseMinus2Numbers.vcxproj -> E:\Mission R & D\microsoft c++\27sept2k15\baseMinus2Numbers\Debug\baseMinus2Numbers.exe
       FinalizeBuildStatus:
         Deleting file "Debug\baseMinus2Numbers.unsuccessfulbuild".
         Touching "Debug\baseMinus2Numbers.lastbuildstate".
     1>Done Building Project "E:\Mission R & D\microsoft c++\27sept2k15\baseMinus2Numbers\baseMinus2Numbers\baseMinus2Numbers.vcxproj" (build target(s)).

Build succeeded.

Time Elapsed 00:00:00.98
