Build started 21-10-2015 18:30:04.
     1>Project "E:\Mission R & D\microsoft c++\Set2\adderStrFormat\adderStrFormat\adderStrFormat.vcxproj" on node 2 (build target(s)).
     1>InitializeBuildStatus:
         Creating "Debug\adderStrFormat.unsuccessfulbuild" because "AlwaysCreate" was specified.
       ClCompile:
         All outputs are up-to-date.
         C:\Program Files (x86)\Microsoft Visual Studio 10.0\VC\bin\CL.exe /c /ZI /nologo /W3 /WX- /Od /Oy- /D WIN32 /D _DEBUG /D _CONSOLE /D _UNICODE /D UNICODE /Gm /EHsc /RTC1 /MDd /GS /fp:precise /Zc:wchar_t /Zc:forScope /Yu"StdAfx.h" /Fp"Debug\adderStrFormat.pch" /Fo"Debug\\" /Fd"Debug\vc100.pdb" /Gd /TP /analyze- /errorReport:prompt adderStrFormat.cpp
         adderStrFormat.cpp
     1>e:\mission r & d\microsoft c++\set2\adderstrformat\adderstrformat\adderstrformat.cpp(25): warning C4101: 't' : unreferenced local variable
     1>e:\mission r & d\microsoft c++\set2\adderstrformat\adderstrformat\adderstrformat.cpp(70): warning C4996: 'scanf': This function or variable may be unsafe. Consider using scanf_s instead. To disable deprecation, use _CRT_SECURE_NO_WARNINGS. See online help for details.
                 c:\program files (x86)\microsoft visual studio 10.0\vc\include\stdio.h(304) : see declaration of 'scanf'
     1>e:\mission r & d\microsoft c++\set2\adderstrformat\adderstrformat\adderstrformat.cpp(72): warning C4996: 'getch': The POSIX name for this item is deprecated. Instead, use the ISO C++ conformant name: _getch. See online help for details.
                 c:\program files (x86)\microsoft visual studio 10.0\vc\include\conio.h(128) : see declaration of 'getch'
       ManifestResourceCompile:
         All outputs are up-to-date.
       Link:
         C:\Program Files (x86)\Microsoft Visual Studio 10.0\VC\bin\link.exe /ERRORREPORT:PROMPT /OUT:"E:\Mission R & D\microsoft c++\Set2\adderStrFormat\Debug\adderStrFormat.exe" /INCREMENTAL /NOLOGO kernel32.lib user32.lib gdi32.lib winspool.lib comdlg32.lib advapi32.lib shell32.lib ole32.lib oleaut32.lib uuid.lib odbc32.lib odbccp32.lib /MANIFEST /ManifestFile:"Debug\adderStrFormat.exe.intermediate.manifest" /MANIFESTUAC:"level='asInvoker' uiAccess='false'" /DEBUG /PDB:"E:\Mission R & D\microsoft c++\Set2\adderStrFormat\Debug\adderStrFormat.pdb" /SUBSYSTEM:CONSOLE /TLBID:1 /DYNAMICBASE /NXCOMPAT /IMPLIB:"E:\Mission R & D\microsoft c++\Set2\adderStrFormat\Debug\adderStrFormat.lib" /MACHINE:X86 Debug\adderStrFormat.exe.embed.manifest.res
         Debug\adderStrFormat.obj
         Debug\stdafx.obj
       Manifest:
         C:\Program Files (x86)\Microsoft SDKs\Windows\v7.0A\bin\mt.exe /nologo /verbose /out:"Debug\adderStrFormat.exe.embed.manifest" /manifest Debug\adderStrFormat.exe.intermediate.manifest
         All outputs are up-to-date.
       LinkEmbedManifest:
         All outputs are up-to-date.
         adderStrFormat.vcxproj -> E:\Mission R & D\microsoft c++\Set2\adderStrFormat\Debug\adderStrFormat.exe
       FinalizeBuildStatus:
         Deleting file "Debug\adderStrFormat.unsuccessfulbuild".
         Touching "Debug\adderStrFormat.lastbuildstate".
     1>Done Building Project "E:\Mission R & D\microsoft c++\Set2\adderStrFormat\adderStrFormat\adderStrFormat.vcxproj" (build target(s)).

Build succeeded.

Time Elapsed 00:00:00.66
